<?xml version="1.0" encoding="UTF-8"?>
<testng-results ignored="0" total="1" passed="1" failed="0" skipped="0">
  <reporter-output>
  </reporter-output>
  <suite started-at="2026-01-10T19:15:28 IST" name="Default suite" finished-at="2026-01-10T19:15:37 IST" duration-ms="9558">
    <groups>
    </groups>
    <test started-at="2026-01-10T19:15:28 IST" name="Default test" finished-at="2026-01-10T19:15:37 IST" duration-ms="9558">
      <class name="opencart.Opencart.Register_TC">
        <test-method signature="TC_001()[pri:0, instance:opencart.Opencart.Register_TC@6743e411]" started-at="2026-01-10T19:15:28 IST" name="TC_001" finished-at="2026-01-10T19:15:37 IST" duration-ms="9501" status="PASS">
          <reporter-output>
          </reporter-output>
        </test-method> <!-- TC_001 -->
      </class> <!-- opencart.Opencart.Register_TC -->
    </test> <!-- Default test -->
  </suite> <!-- Default suite -->
</testng-results>
